<?xml version="1.0" encoding="UTF-8"?>
<testng-results skipped="0" failed="0" ignored="0" total="1" passed="1">
  <reporter-output>
  </reporter-output>
  <suite name="Surefire suite" duration-ms="256" started-at="2021-04-03T21:09:36 IST" finished-at="2021-04-03T21:09:36 IST">
    <groups>
    </groups>
    <test name="Surefire test" duration-ms="256" started-at="2021-04-03T21:09:36 IST" finished-at="2021-04-03T21:09:36 IST">
      <class name="LearnMaven.qagroup.AppTest">
        <test-method status="PASS" signature="shouldAnswerWithTrue()" name="shouldAnswerWithTrue" duration-ms="48" started-at="2021-04-03T21:09:36 IST" finished-at="2021-04-03T21:09:36 IST">
          <reporter-output>
          </reporter-output>
        </test-method> <!-- shouldAnswerWithTrue -->
      </class> <!-- LearnMaven.qagroup.AppTest -->
    </test> <!-- Surefire test -->
  </suite> <!-- Surefire suite -->
</testng-results>
