<?xml version="1.0" encoding="UTF-8"?>
<!-- Generated by org.testng.reporters.JUnitXMLReporter -->
<testsuite hostname="Mouli" ignored="0" name="Command line test" tests="6" failures="0" timestamp="2021-04-05T20:24:30 IST" time="0.181" errors="0">
  <testcase name="IOSApps" time="0.026" classname="LearnMaven.qagroup.AppiumTest"/>
  <testcase name="nativeAppAndroid" time="0.0" classname="LearnMaven.qagroup.AppiumTest"/>
  <testcase name="deleteTwitter" time="0.001" classname="LearnMaven.qagroup.RESTAPITest"/>
  <testcase name="postJIRA" time="0.001" classname="LearnMaven.qagroup.RESTAPITest"/>
  <testcase name="BrowserAutomation" time="0.001" classname="LearnMaven.qagroup.SelenumTest"/>
  <testcase name="ElementsUI" time="0.001" classname="LearnMaven.qagroup.SelenumTest"/>
</testsuite> <!-- Command line test -->
