<?xml version="1.0" encoding="UTF-8"?>
<testng-results skipped="0" failed="0" ignored="0" total="6" passed="6">
  <reporter-output>
  </reporter-output>
  <suite name="Surefire suite" duration-ms="146" started-at="2021-04-03T21:09:35 IST" finished-at="2021-04-03T21:09:35 IST">
    <groups>
    </groups>
    <test name="Surefire test" duration-ms="146" started-at="2021-04-03T21:09:35 IST" finished-at="2021-04-03T21:09:35 IST">
      <class name="LearnMaven.qagroup.AppiumTest">
        <test-method status="PASS" signature="IOSApps()[pri:0, instance:LearnMaven.qagroup.AppiumTest@a67c67e]" name="IOSApps" duration-ms="13" started-at="2021-04-03T21:09:35 IST" finished-at="2021-04-03T21:09:35 IST">
          <reporter-output>
          </reporter-output>
        </test-method> <!-- IOSApps -->
        <test-method status="PASS" signature="nativeAppAndroid()[pri:0, instance:LearnMaven.qagroup.AppiumTest@a67c67e]" name="nativeAppAndroid" duration-ms="1" started-at="2021-04-03T21:09:35 IST" finished-at="2021-04-03T21:09:35 IST">
          <reporter-output>
          </reporter-output>
        </test-method> <!-- nativeAppAndroid -->
      </class> <!-- LearnMaven.qagroup.AppiumTest -->
      <class name="LearnMaven.qagroup.SelenumTest">
        <test-method status="PASS" signature="BrowserAutomation()[pri:0, instance:LearnMaven.qagroup.SelenumTest@4e1d422d]" name="BrowserAutomation" duration-ms="1" started-at="2021-04-03T21:09:35 IST" finished-at="2021-04-03T21:09:35 IST">
          <reporter-output>
          </reporter-output>
        </test-method> <!-- BrowserAutomation -->
        <test-method status="PASS" signature="ElementsUI()[pri:0, instance:LearnMaven.qagroup.SelenumTest@4e1d422d]" name="ElementsUI" duration-ms="0" started-at="2021-04-03T21:09:35 IST" finished-at="2021-04-03T21:09:35 IST">
          <reporter-output>
          </reporter-output>
        </test-method> <!-- ElementsUI -->
      </class> <!-- LearnMaven.qagroup.SelenumTest -->
      <class name="LearnMaven.qagroup.RESTAPITest">
        <test-method status="PASS" signature="deleteTwitter()[pri:0, instance:LearnMaven.qagroup.RESTAPITest@3327bd23]" name="deleteTwitter" duration-ms="1" started-at="2021-04-03T21:09:35 IST" finished-at="2021-04-03T21:09:35 IST">
          <reporter-output>
          </reporter-output>
        </test-method> <!-- deleteTwitter -->
        <test-method status="PASS" signature="postJIRA()[pri:0, instance:LearnMaven.qagroup.RESTAPITest@3327bd23]" name="postJIRA" duration-ms="1" started-at="2021-04-03T21:09:35 IST" finished-at="2021-04-03T21:09:35 IST">
          <reporter-output>
          </reporter-output>
        </test-method> <!-- postJIRA -->
      </class> <!-- LearnMaven.qagroup.RESTAPITest -->
    </test> <!-- Surefire test -->
  </suite> <!-- Surefire suite -->
</testng-results>
