<?xml version="1.0" encoding="UTF-8"?>
<!-- Generated by org.testng.reporters.JUnitXMLReporter -->
<testsuite hostname="Mouli" ignored="0" name="Test" tests="4" failures="0" timestamp="2021-04-05T17:29:01 IST" time="0.149" errors="0">
  <testcase name="BrowserAutomation" time="0.021" classname="LearnMaven.qagroup.SelenumTest"/>
  <testcase name="ElementsUI" time="0.001" classname="LearnMaven.qagroup.SelenumTest"/>
  <testcase name="deleteTwitter" time="0.001" classname="LearnMaven.qagroup.RESTAPITest"/>
  <testcase name="postJIRA" time="0.0" classname="LearnMaven.qagroup.RESTAPITest"/>
</testsuite> <!-- Test -->
