<?xml version="1.0" encoding="UTF-8"?>
<testng-results skipped="0" failed="0" ignored="0" total="6" passed="6">
  <reporter-output>
  </reporter-output>
  <suite name="Command line suite" duration-ms="181" started-at="2021-04-05T20:24:30 IST" finished-at="2021-04-05T20:24:30 IST">
    <groups>
    </groups>
    <test name="Command line test" duration-ms="181" started-at="2021-04-05T20:24:30 IST" finished-at="2021-04-05T20:24:30 IST">
      <class name="LearnMaven.qagroup.AppiumTest">
        <test-method status="PASS" signature="IOSApps()[pri:0, instance:LearnMaven.qagroup.AppiumTest@5649fd9b]" name="IOSApps" duration-ms="26" started-at="2021-04-05T20:24:30 IST" finished-at="2021-04-05T20:24:30 IST">
          <reporter-output>
          </reporter-output>
        </test-method> <!-- IOSApps -->
        <test-method status="PASS" signature="nativeAppAndroid()[pri:0, instance:LearnMaven.qagroup.AppiumTest@5649fd9b]" name="nativeAppAndroid" duration-ms="0" started-at="2021-04-05T20:24:30 IST" finished-at="2021-04-05T20:24:30 IST">
          <reporter-output>
          </reporter-output>
        </test-method> <!-- nativeAppAndroid -->
      </class> <!-- LearnMaven.qagroup.AppiumTest -->
      <class name="LearnMaven.qagroup.SelenumTest">
        <test-method status="PASS" signature="BrowserAutomation()[pri:0, instance:LearnMaven.qagroup.SelenumTest@2d928643]" name="BrowserAutomation" duration-ms="1" started-at="2021-04-05T20:24:30 IST" finished-at="2021-04-05T20:24:30 IST">
          <reporter-output>
          </reporter-output>
        </test-method> <!-- BrowserAutomation -->
        <test-method status="PASS" signature="ElementsUI()[pri:0, instance:LearnMaven.qagroup.SelenumTest@2d928643]" name="ElementsUI" duration-ms="1" started-at="2021-04-05T20:24:30 IST" finished-at="2021-04-05T20:24:30 IST">
          <reporter-output>
          </reporter-output>
        </test-method> <!-- ElementsUI -->
      </class> <!-- LearnMaven.qagroup.SelenumTest -->
      <class name="LearnMaven.qagroup.RESTAPITest">
        <test-method status="PASS" signature="deleteTwitter()[pri:0, instance:LearnMaven.qagroup.RESTAPITest@6adede5]" name="deleteTwitter" duration-ms="1" started-at="2021-04-05T20:24:30 IST" finished-at="2021-04-05T20:24:30 IST">
          <reporter-output>
          </reporter-output>
        </test-method> <!-- deleteTwitter -->
        <test-method status="PASS" signature="postJIRA()[pri:0, instance:LearnMaven.qagroup.RESTAPITest@6adede5]" name="postJIRA" duration-ms="1" started-at="2021-04-05T20:24:30 IST" finished-at="2021-04-05T20:24:30 IST">
          <reporter-output>
          </reporter-output>
        </test-method> <!-- postJIRA -->
      </class> <!-- LearnMaven.qagroup.RESTAPITest -->
    </test> <!-- Command line test -->
  </suite> <!-- Command line suite -->
</testng-results>
